#
# There is insufficient memory for the Java Runtime Environment to continue.
# Native memory allocation (mmap) failed to map 199229440 bytes for Failed to commit area from 0x0000000742000000 to 0x000000074de00000 of length 199229440.
# Possible reasons:
#   The system is out of physical RAM or swap space
#   The process is running with CompressedOops enabled, and the Java Heap may be blocking the growth of the native heap
# Possible solutions:
#   Reduce memory load on the system
#   Increase physical memory or swap space
#   Check if swap backing store is full
#   Decrease Java heap size (-Xmx/-Xms)
#   Decrease number of Java threads
#   Decrease Java thread stack sizes (-Xss)
#   Set larger code cache with -XX:ReservedCodeCacheSize=
# This output file may be truncated or incomplete.
#
#  Out of Memory Error (t:/workspace/open/src/hotspot/os/windows/os_windows.cpp:3269), pid=27904, tid=70476
#
# JRE version:  (11.0.1+13) (build )
# Java VM: Java HotSpot(TM) 64-Bit Server VM (11.0.1+13-LTS, mixed mode, aot, sharing, tiered, compressed oops, g1 gc, windows-amd64)
# No core dump will be written. Minidumps are not enabled by default on client versions of Windows
#

---------------  S U M M A R Y ------------

Command Line: -agentlib:jdwp=transport=dt_socket,server=n,suspend=y,address=localhost:32653 -Dfile.encoding=UTF-8 LightsOut

Host: Intel(R) Core(TM) i5-7200U CPU @ 2.50GHz, 4 cores, 11G,  Windows 10 , 64 bit Build 18362 (10.0.18362.329)
Time: Mon Nov 18 14:51:13 2019 Eastern Standard Time elapsed time: 0 seconds (0d 0h 0m 0s)

---------------  T H R E A D  ---------------

Current thread (0x0000014319fe7000):  JavaThread "Unknown thread" [_thread_in_vm, id=70476, stack(0x0000001454f00000,0x0000001455000000)]

Stack: [0x0000001454f00000,0x0000001455000000]
Native frames: (J=compiled Java code, j=interpreted, Vv=VM code, C=native code)
V  [jvm.dll+0x63c21a]
V  [jvm.dll+0x7797df]
V  [jvm.dll+0x77adca]
V  [jvm.dll+0x77b483]
V  [jvm.dll+0x2627f8]
V  [jvm.dll+0x6396ca]
V  [jvm.dll+0x62dfa5]
V  [jvm.dll+0x31699c]
V  [jvm.dll+0x316822]
V  [jvm.dll+0x31c096]
V  [jvm.dll+0x36842f]
V  [jvm.dll+0x367e50]
V  [jvm.dll+0x2f38b8]
V  [jvm.dll+0x2f4a16]
V  [jvm.dll+0x752da7]
V  [jvm.dll+0x7544ef]
V  [jvm.dll+0x375269]
V  [jvm.dll+0x7394a9]
V  [jvm.dll+0x3e467d]
V  [jvm.dll+0x3e6951]
C  [java.exe+0x3603]
C  [java.exe+0x178dc]
C  [KERNEL32.DLL+0x17bd4]
C  [ntdll.dll+0x6ced1]


---------------  P R O C E S S  ---------------

Threads class SMR info:
_java_thread_list=0x0000014317e76890, length=0, elements={
}

Java Threads: ( => current thread )

Other Threads:
  0x000001431a000000 GCTaskThread "GC Thread#0" [stack: 0x0000001455000000,0x0000001455100000] [id=54844]
  0x000001431a045800 ConcurrentGCThread "G1 Main Marker" [stack: 0x0000001455100000,0x0000001455200000] [id=34700]
  0x000001431a047800 ConcurrentGCThread "G1 Conc#0" [stack: 0x0000001455200000,0x0000001455300000] [id=64088]

[error occurred during error reporting (printing all threads), id 0xc0000005, EXCEPTION_ACCESS_VIOLATION (0xc0000005) at pc=0x00007ff9b98f2137]

VM state:not at safepoint (not fully initialized)

VM Mutex/Monitor currently owned by a thread:  ([mutex/lock_event])
[0x0000014319fe3d50] Heap_lock - owner thread: 0x0000014319fe7000

Heap address: 0x0000000742000000, size: 3040 MB, Compressed Oops mode: Non-zero based: 0x0000000742000000
Narrow klass base: 0x0000000000000000, Narrow klass shift: 0

GC Heap History (0 events):
No events

Deoptimization events (0 events):
No events

Classes redefined (0 events):
No events

Internal exceptions (0 events):
No events

Events (0 events):
No events


Dynamic libraries:
0x00007ff7e9a00000 - 0x00007ff7e9a47000 	C:\Program Files\Java\jdk-11.0.1\bin\java.exe
0x00007ffa2b620000 - 0x00007ffa2b810000 	C:\WINDOWS\SYSTEM32\ntdll.dll
0x00007ffa29a50000 - 0x00007ffa29b02000 	C:\WINDOWS\System32\KERNEL32.DLL
0x00007ffa28720000 - 0x00007ffa289c3000 	C:\WINDOWS\System32\KERNELBASE.dll
0x00007ffa2ab60000 - 0x00007ffa2ac03000 	C:\WINDOWS\System32\ADVAPI32.dll
0x00007ffa29d00000 - 0x00007ffa29d9e000 	C:\WINDOWS\System32\msvcrt.dll
0x00007ffa29870000 - 0x00007ffa29907000 	C:\WINDOWS\System32\sechost.dll
0x00007ffa29910000 - 0x00007ffa29a30000 	C:\WINDOWS\System32\RPCRT4.dll
0x00007ffa296d0000 - 0x00007ffa29864000 	C:\WINDOWS\System32\USER32.dll
0x00007ffa289d0000 - 0x00007ffa289f1000 	C:\WINDOWS\System32\win32u.dll
0x00007ffa2ac10000 - 0x00007ffa2ac36000 	C:\WINDOWS\System32\GDI32.dll
0x00007ffa28c30000 - 0x00007ffa28dc4000 	C:\WINDOWS\System32\gdi32full.dll
0x00007ffa28680000 - 0x00007ffa2871e000 	C:\WINDOWS\System32\msvcp_win.dll
0x00007ffa28dd0000 - 0x00007ffa28eca000 	C:\WINDOWS\System32\ucrtbase.dll
0x00007ffa13f00000 - 0x00007ffa14185000 	C:\WINDOWS\WinSxS\amd64_microsoft.windows.common-controls_6595b64144ccf1df_6.0.18362.418_none_e6c6b287130d565d\COMCTL32.dll
0x00007ffa20980000 - 0x00007ffa2098a000 	C:\WINDOWS\SYSTEM32\VERSION.dll
0x00007ffa2a5f0000 - 0x00007ffa2a926000 	C:\WINDOWS\System32\combase.dll
0x00007ffa29650000 - 0x00007ffa296d0000 	C:\WINDOWS\System32\bcryptPrimitives.dll
0x00007ffa29c50000 - 0x00007ffa29c7e000 	C:\WINDOWS\System32\IMM32.DLL
0x00007ffa23390000 - 0x00007ffa233a6000 	C:\Program Files\Java\jdk-11.0.1\bin\vcruntime140.dll
0x00007ff9e1050000 - 0x00007ff9e10fa000 	C:\Program Files\Java\jdk-11.0.1\bin\msvcp140.dll
0x00007ff9b95f0000 - 0x00007ff9ba132000 	C:\Program Files\Java\jdk-11.0.1\bin\server\jvm.dll
0x00007ffa29f10000 - 0x00007ffa29f18000 	C:\WINDOWS\System32\PSAPI.DLL
0x00007ffa26460000 - 0x00007ffa26484000 	C:\WINDOWS\SYSTEM32\WINMM.dll
0x00007ffa12e30000 - 0x00007ffa12e39000 	C:\WINDOWS\SYSTEM32\WSOCK32.dll
0x00007ffa2a460000 - 0x00007ffa2a4cf000 	C:\WINDOWS\System32\WS2_32.dll
0x00007ffa26430000 - 0x00007ffa2645d000 	C:\WINDOWS\SYSTEM32\winmmbase.dll
0x00007ffa28a30000 - 0x00007ffa28a7a000 	C:\WINDOWS\System32\cfgmgr32.dll
0x00007ffa28520000 - 0x00007ffa28531000 	C:\WINDOWS\System32\kernel.appcore.dll
0x00007ffa20d10000 - 0x00007ffa20d21000 	C:\Program Files\Java\jdk-11.0.1\bin\verify.dll
0x00007ffa1c6f0000 - 0x00007ffa1c8e4000 	C:\WINDOWS\SYSTEM32\DBGHELP.DLL
0x00007ffa1c580000 - 0x00007ffa1c5aa000 	C:\WINDOWS\SYSTEM32\dbgcore.DLL
0x00007ffa19440000 - 0x00007ffa19469000 	C:\Program Files\Java\jdk-11.0.1\bin\java.dll
0x00007ffa21790000 - 0x00007ffa217c7000 	C:\Program Files\Java\jdk-11.0.1\bin\jdwp.dll
0x00007ffa1b9d0000 - 0x00007ffa1b9e6000 	C:\Program Files\Java\jdk-11.0.1\bin\zip.dll
0x00007ffa23420000 - 0x00007ffa2342a000 	C:\Program Files\Java\jdk-11.0.1\bin\jimage.dll

dbghelp: loaded successfully - version: 4.0.5 - missing functions: none
symbol engine: initialized successfully - sym options: 0x614 - pdb path: .;C:\Program Files\Java\jdk-11.0.1\bin;C:\WINDOWS\SYSTEM32;C:\WINDOWS\WinSxS\amd64_microsoft.windows.common-controls_6595b64144ccf1df_6.0.18362.418_none_e6c6b287130d565d;C:\Program Files\Java\jdk-11.0.1\bin\server

VM Arguments:
jvm_args: -agentlib:jdwp=transport=dt_socket,server=n,suspend=y,address=localhost:32653 -Dfile.encoding=UTF-8 
java_command: LightsOut
java_class_path (initial): C:\Users\wenqi\AppData\Roaming\Code\User\workspaceStorage\6a12e59bb05f47167e6cc873bddcb917\redhat.java\jdt_ws\jdt.ls-java-project\bin
Launcher Type: SUN_STANDARD

[Global flags]
     intx CICompilerCount                          = 3                                         {product} {ergonomic}
     uint ConcGCThreads                            = 1                                         {product} {ergonomic}
     uint G1ConcRefinementThreads                  = 4                                         {product} {ergonomic}
   size_t G1HeapRegionSize                         = 1048576                                   {product} {ergonomic}
    uintx GCDrainStackTargetSize                   = 64                                        {product} {ergonomic}
   size_t InitialHeapSize                          = 199229440                                 {product} {ergonomic}
   size_t MarkStackSize                            = 4194304                                   {product} {ergonomic}
   size_t MaxHeapSize                              = 3187671040                                {product} {ergonomic}
   size_t MinHeapDeltaBytes                        = 1048576                                   {product} {ergonomic}
    uintx NonNMethodCodeHeapSize                   = 5830092                                {pd product} {ergonomic}
    uintx NonProfiledCodeHeapSize                  = 122914074                              {pd product} {ergonomic}
    uintx ProfiledCodeHeapSize                     = 122914074                              {pd product} {ergonomic}
    uintx ReservedCodeCacheSize                    = 251658240                              {pd product} {ergonomic}
     bool SegmentedCodeCache                       = true                                      {product} {ergonomic}
     bool UseCompressedClassPointers               = true                                 {lp64_product} {ergonomic}
     bool UseCompressedOops                        = true                                 {lp64_product} {ergonomic}
     bool UseG1GC                                  = true                                      {product} {ergonomic}
     bool UseLargePagesIndividualAllocation        = false                                  {pd product} {ergonomic}

Logging:
Log output configuration:
 #0: stdout all=warning uptime,level,tags
 #1: stderr all=off uptime,level,tags

Environment Variables:
JAVA_HOME=C:\Program Files\Android\Android Studio\jre
PATH=C:\Program Files\NVIDIA GPU Computing Toolkit\CUDA\v10.1\bin;C:\Program Files\NVIDIA GPU Computing Toolkit\CUDA\v10.1\libnvvp;C:\Program Files (x86)\Common Files\Intel\Shared Libraries\redist\intel64_win\compiler;C:\Program Files (x86)\Common Files\Oracle\Java\javapath;C:\Program Files\NVIDIA GPU Computing Toolkit\CUDA\v10.0\bin;C:\Program Files\NVIDIA GPU Computing Toolkit\CUDA\v10.0\libnvvp;C:\Windows\system32;C:\Windows;C:\Windows\System32\Wbem;C:\Windows\System32\WindowsPowerShell\v1.0\;C:\Windows\System32\OpenSSH\;C:\Program Files\Git\cmd;C:\adb\;C:\Program Files (x86)\Windows Kits\8.1\Windows Performance Toolkit\;C:\ffmpeg\bin;C:\MinGW\bin;C:\Program Files\nodejs\;C:\ProgramData\chocolatey\bin;C:\Users\wenqi\AppData\Roaming\Python\Python37\Scripts;C:\Users\wenqi\AppData\Roaming\Python\Python37;C:\Program Files\Android\Android Studio\jre\bin;C:\Users\wenqi\AppData\Local\Android\Sdk\platform-tools;C:\Users\wenqi\AppData\Local\Android\Sdk\tools;C:\Program Files\CMake\bin;C:\Program Files\NVIDIA Corporation\Nsight Compute 2019.3.0\;C:\Program Files (x86)\NVIDIA Corporation\PhysX\Common;C:\Program Files\NVIDIA Corporation\NVIDIA NvDLISR;C:\WINDOWS\system32;C:\WINDOWS;C:\WINDOWS\System32\Wbem;C:\WINDOWS\System32\WindowsPowerShell\v1.0\;C:\WINDOWS\System32\OpenSSH\;C:\Program Files\PROS\toolchain\usr\bin;C:\Program Files\PROS\cquery;C:\Program Files\PROS\cli;C:\Users\wenqi\AppData\Local\Programs\Python\Python37\Scripts\;C:\Users\wenqi\AppData\Local\Programs\Python\Python37\;C:\Users\wenqi\AppData\Local\Programs\Python\Python37-32\Scripts\;C:\Users\wenqi\AppData\Local\Programs\Python\Python37-32\;C:\Users\wenqi\AppData\Local\Microsoft\WindowsApps;C:\Program Files\Bandizip\;C:\Users\wenqi\AppData\Local\GitHubDesktop\bin;C:\Users\wenqi\AppData\Local\Programs\Microsoft VS Code\bin;C:\Program Files\JetBrains\IntelliJ IDEA 2018.3.2\bin;C:\Program Files (x86)\Nmap;C:\Users\wenqi\AppData\Local\atom\bin;C:\Users\wenqi\AppData\Roaming\npm;C:\Program Files\CMake\bin;%USERPROF
USERNAME=wenqi
OS=Windows_NT
PROCESSOR_IDENTIFIER=Intel64 Family 6 Model 142 Stepping 9, GenuineIntel



---------------  S Y S T E M  ---------------

OS: Windows 10 , 64 bit Build 18362 (10.0.18362.329)

CPU:total 4 (initial active 4) (2 cores per cpu, 2 threads per core) family 6 model 142 stepping 9, cmov, cx8, fxsr, mmx, sse, sse2, sse3, ssse3, sse4.1, sse4.2, popcnt, avx, avx2, aes, clmul, erms, 3dnowpref, lzcnt, ht, tsc, tscinvbit, bmi1, bmi2, adx, fma

Memory: 4k page, system-wide physical 12156M (2805M free)
TotalPageFile size 16252M (AvailPageFile size 162M)
current process WorkingSet (physical memory assigned to process): 10M, peak: 10M
current process commit charge ("private bytes"): 52M, peak: 241M

vm_info: Java HotSpot(TM) 64-Bit Server VM (11.0.1+13-LTS) for windows-amd64 JRE (11.0.1+13-LTS), built on Oct  6 2018 13:20:16 by "mach5one" with MS VC++ 15.5 (VS2017)

END.
